<?xml version="1.0" encoding="UTF-8"?>
<!-- Generated by org.testng.reporters.JUnitReportReporter -->
<testsuite hostname="SLB-F2NLRF2" failures="0" tests="1" name="com.iNetBankingV1.testCases.TC_LoginTest_001" time="4.161" errors="0" timestamp="2020-07-02T18:10:47 IST" skipped="0">
  <testcase classname="com.iNetBankingV1.testCases.TC_LoginTest_001" name="loginTest" time="4.161"/>
  <system-out/>
</testsuite> <!-- com.iNetBankingV1.testCases.TC_LoginTest_001 -->
